14:32:59.696 [main] [INFO] com.fnz.db2.journal.retrieve.JournalConcurrentUpdatesIT - journal JournalInfo [journalName=QSQJRN, journalLibrary=JRN_TEST4]
14:32:59.846 [main] [INFO] com.fnz.db2.journal.retrieve.RetrieveJournal - testing2
14:33:36.190 [main] [INFO] com.fnz.db2.journal.retrieve.JournalConcurrentUpdatesIT - journal JournalInfo [journalName=QSQJRN, journalLibrary=JRN_TEST4]
14:33:36.507 [Thread-0] [INFO] com.fnz.db2.journal.retrieve.JournalConcurrentUpdatesIT - insert 0
14:33:36.507 [Thread-0] [INFO] com.fnz.db2.journal.retrieve.JournalConcurrentUpdatesIT - insert 1
14:33:36.507 [Thread-0] [INFO] com.fnz.db2.journal.retrieve.JournalConcurrentUpdatesIT - insert 2
14:33:36.507 [Thread-0] [INFO] com.fnz.db2.journal.retrieve.JournalConcurrentUpdatesIT - insert 3
14:33:36.507 [Thread-0] [INFO] com.fnz.db2.journal.retrieve.JournalConcurrentUpdatesIT - insert 4
14:33:36.507 [Thread-0] [INFO] com.fnz.db2.journal.retrieve.JournalConcurrentUpdatesIT - insert 5
14:33:36.508 [Thread-0] [INFO] com.fnz.db2.journal.retrieve.JournalConcurrentUpdatesIT - insert 6
14:33:36.508 [Thread-0] [INFO] com.fnz.db2.journal.retrieve.JournalConcurrentUpdatesIT - insert 7
14:33:36.508 [Thread-0] [INFO] com.fnz.db2.journal.retrieve.JournalConcurrentUpdatesIT - insert 8
14:33:36.508 [Thread-0] [INFO] com.fnz.db2.journal.retrieve.JournalConcurrentUpdatesIT - insert 9
14:33:36.508 [Thread-0] [INFO] com.fnz.db2.journal.retrieve.JournalConcurrentUpdatesIT - insert 10
14:33:36.508 [Thread-0] [INFO] com.fnz.db2.journal.retrieve.JournalConcurrentUpdatesIT - insert 11
14:33:36.508 [Thread-0] [INFO] com.fnz.db2.journal.retrieve.JournalConcurrentUpdatesIT - insert 12
14:33:36.508 [Thread-0] [INFO] com.fnz.db2.journal.retrieve.JournalConcurrentUpdatesIT - insert 13
14:33:36.508 [Thread-0] [INFO] com.fnz.db2.journal.retrieve.JournalConcurrentUpdatesIT - insert 14
14:33:36.508 [Thread-0] [INFO] com.fnz.db2.journal.retrieve.JournalConcurrentUpdatesIT - insert 15
14:33:36.508 [Thread-0] [INFO] com.fnz.db2.journal.retrieve.JournalConcurrentUpdatesIT - insert 16
14:33:36.508 [Thread-0] [INFO] com.fnz.db2.journal.retrieve.JournalConcurrentUpdatesIT - insert 17
14:33:37.115 [Thread-0] [INFO] com.fnz.db2.journal.retrieve.JournalConcurrentUpdatesIT - padding with ignored updates 38
14:33:38.392 [Thread-0] [INFO] com.fnz.db2.journal.retrieve.JournalConcurrentUpdatesIT - add new receiver 18
14:33:38.583 [Thread-0] [INFO] com.fnz.db2.journal.retrieve.JournalConcurrentUpdatesIT - connamd true
14:33:38.584 [Thread-0] [INFO] com.fnz.db2.journal.retrieve.JournalConcurrentUpdatesIT - command CHGJRN JRN(JRN_TEST4/QSQJRN) JRNRCV(*GEN) SEQOPT(*RESET) reponse Journal receiver QSQJRN0173 created in library JRN_TEST4.
14:33:38.584 [Thread-0] [INFO] com.fnz.db2.journal.retrieve.JournalConcurrentUpdatesIT - command CHGJRN JRN(JRN_TEST4/QSQJRN) JRNRCV(*GEN) SEQOPT(*RESET) reponse Journal receivers QSQJRN0172 and *N detached.
14:33:38.584 [Thread-0] [INFO] com.fnz.db2.journal.retrieve.JournalConcurrentUpdatesIT - padding with ignored updates 50
14:33:40.166 [Thread-0] [INFO] com.fnz.db2.journal.retrieve.JournalConcurrentUpdatesIT - add new receiver 18
14:33:40.303 [Thread-0] [INFO] com.fnz.db2.journal.retrieve.JournalConcurrentUpdatesIT - connamd true
14:33:40.304 [Thread-0] [INFO] com.fnz.db2.journal.retrieve.JournalConcurrentUpdatesIT - command CHGJRN JRN(JRN_TEST4/QSQJRN) JRNRCV(*GEN) SEQOPT(*RESET) reponse Journal receiver QSQJRN0174 created in library JRN_TEST4.
14:33:40.305 [Thread-0] [INFO] com.fnz.db2.journal.retrieve.JournalConcurrentUpdatesIT - command CHGJRN JRN(JRN_TEST4/QSQJRN) JRNRCV(*GEN) SEQOPT(*RESET) reponse Journal receivers QSQJRN0173 and *N detached.
14:33:40.343 [Thread-0] [INFO] com.fnz.db2.journal.retrieve.JournalConcurrentUpdatesIT - insert 19
14:33:40.343 [Thread-0] [INFO] com.fnz.db2.journal.retrieve.JournalConcurrentUpdatesIT - insert 20
14:33:40.344 [Thread-0] [INFO] com.fnz.db2.journal.retrieve.JournalConcurrentUpdatesIT - insert 21
14:33:40.344 [Thread-0] [INFO] com.fnz.db2.journal.retrieve.JournalConcurrentUpdatesIT - insert 22
14:33:40.345 [Thread-0] [INFO] com.fnz.db2.journal.retrieve.JournalConcurrentUpdatesIT - insert 23
14:33:40.345 [Thread-0] [INFO] com.fnz.db2.journal.retrieve.JournalConcurrentUpdatesIT - insert 24
14:33:40.345 [Thread-0] [INFO] com.fnz.db2.journal.retrieve.JournalConcurrentUpdatesIT - insert 25
14:33:40.346 [Thread-0] [INFO] com.fnz.db2.journal.retrieve.JournalConcurrentUpdatesIT - insert 26
14:33:40.346 [Thread-0] [INFO] com.fnz.db2.journal.retrieve.JournalConcurrentUpdatesIT - insert 27
14:33:40.346 [Thread-0] [INFO] com.fnz.db2.journal.retrieve.JournalConcurrentUpdatesIT - insert 28
14:33:40.346 [Thread-0] [INFO] com.fnz.db2.journal.retrieve.JournalConcurrentUpdatesIT - insert 29
14:33:40.346 [Thread-0] [INFO] com.fnz.db2.journal.retrieve.JournalConcurrentUpdatesIT - insert 30
14:33:40.347 [Thread-0] [INFO] com.fnz.db2.journal.retrieve.JournalConcurrentUpdatesIT - insert 31
14:33:40.347 [Thread-0] [INFO] com.fnz.db2.journal.retrieve.JournalConcurrentUpdatesIT - insert 32
14:33:40.347 [Thread-0] [INFO] com.fnz.db2.journal.retrieve.JournalConcurrentUpdatesIT - insert 33
14:33:40.348 [Thread-0] [INFO] com.fnz.db2.journal.retrieve.JournalConcurrentUpdatesIT - insert 34
14:33:40.348 [Thread-0] [INFO] com.fnz.db2.journal.retrieve.JournalConcurrentUpdatesIT - insert 35
14:33:40.349 [Thread-0] [INFO] com.fnz.db2.journal.retrieve.JournalConcurrentUpdatesIT - insert 36
14:33:40.349 [Thread-0] [INFO] com.fnz.db2.journal.retrieve.JournalConcurrentUpdatesIT - insert 37
14:33:40.349 [Thread-0] [INFO] com.fnz.db2.journal.retrieve.JournalConcurrentUpdatesIT - insert 38
14:33:40.350 [Thread-0] [INFO] com.fnz.db2.journal.retrieve.JournalConcurrentUpdatesIT - insert 39
14:33:40.350 [Thread-0] [INFO] com.fnz.db2.journal.retrieve.JournalConcurrentUpdatesIT - insert 40
14:33:40.350 [Thread-0] [INFO] com.fnz.db2.journal.retrieve.JournalConcurrentUpdatesIT - insert 41
14:33:40.351 [Thread-0] [INFO] com.fnz.db2.journal.retrieve.JournalConcurrentUpdatesIT - insert 42
14:33:40.351 [Thread-0] [INFO] com.fnz.db2.journal.retrieve.JournalConcurrentUpdatesIT - insert 43
14:33:40.351 [Thread-0] [INFO] com.fnz.db2.journal.retrieve.JournalConcurrentUpdatesIT - insert 44
14:33:40.351 [Thread-0] [INFO] com.fnz.db2.journal.retrieve.JournalConcurrentUpdatesIT - insert 45
14:33:40.352 [Thread-0] [INFO] com.fnz.db2.journal.retrieve.JournalConcurrentUpdatesIT - insert 46
14:33:40.352 [Thread-0] [INFO] com.fnz.db2.journal.retrieve.JournalConcurrentUpdatesIT - insert 47
14:33:40.352 [Thread-0] [INFO] com.fnz.db2.journal.retrieve.JournalConcurrentUpdatesIT - insert 48
14:33:40.352 [Thread-0] [INFO] com.fnz.db2.journal.retrieve.JournalConcurrentUpdatesIT - insert 49
14:33:40.353 [Thread-0] [INFO] com.fnz.db2.journal.retrieve.JournalConcurrentUpdatesIT - insert 50
14:33:40.353 [Thread-0] [INFO] com.fnz.db2.journal.retrieve.JournalConcurrentUpdatesIT - insert 51
14:33:40.353 [Thread-0] [INFO] com.fnz.db2.journal.retrieve.JournalConcurrentUpdatesIT - insert 52
14:33:40.354 [Thread-0] [INFO] com.fnz.db2.journal.retrieve.JournalConcurrentUpdatesIT - insert 53
14:33:40.354 [Thread-0] [INFO] com.fnz.db2.journal.retrieve.JournalConcurrentUpdatesIT - insert 54
14:33:40.355 [Thread-0] [INFO] com.fnz.db2.journal.retrieve.JournalConcurrentUpdatesIT - insert 55
14:33:40.355 [Thread-0] [INFO] com.fnz.db2.journal.retrieve.JournalConcurrentUpdatesIT - insert 56
14:33:40.355 [Thread-0] [INFO] com.fnz.db2.journal.retrieve.JournalConcurrentUpdatesIT - insert 57
14:33:40.355 [Thread-0] [INFO] com.fnz.db2.journal.retrieve.JournalConcurrentUpdatesIT - insert 58
14:33:41.553 [Thread-0] [INFO] com.fnz.db2.journal.retrieve.JournalConcurrentUpdatesIT - padding with ignored updates 48
14:33:42.126 [main] [INFO] com.fnz.db2.journal.retrieve.RetrieveJournal - Fetch journal at postion JournalProcessedPosition [offset=218, receiver=JournalReceiver[name=QSQJRN0172, library=JRN_TEST4], timeOfLastProcessed=2023-10-18T13:33:36.289048800Z, processed=true] range PositionRange[fromBeginning=false, start=JournalProcessedPosition [offset=218, receiver=JournalReceiver[name=QSQJRN0172, library=JRN_TEST4], timeOfLastProcessed=2023-10-18T13:33:36.289048800Z, processed=true], end=JournalPosition[offset=222, receiver=JournalReceiver[name=QSQJRN0172, library=JRN_TEST4]]]
14:33:42.160 [main] [DEBUG] com.fnz.db2.journal.retrieve.RetrieveJournal - first header: FirstHeader [totalBytes=376, offset=64, size=1, status=NO_MORE_DATA, nextPosition=Optional.empty] 
14:33:42.160 [main] [INFO] com.fnz.db2.journal.retrieve.JournalConcurrentUpdatesIT - success: true position: JournalProcessedPosition [offset=222, receiver=JournalReceiver[name=QSQJRN0172, library=JRN_TEST4], timeOfLastProcessed=2023-10-18T13:33:36.289048800Z, processed=false] header FirstHeader [totalBytes=376, offset=64, size=1, status=NO_MORE_DATA_NEW_OFFSET, nextPosition=Optional[JournalPosition[offset=222, receiver=JournalReceiver[name=QSQJRN0172, library=JRN_TEST4]]]]
14:33:42.160 [main] [INFO] com.fnz.db2.journal.retrieve.JournalConcurrentUpdatesIT - more journal data: false
14:33:42.164 [main] [DEBUG] com.fnz.db2.journal.retrieve.RetrieveJournal - offset with receiver QSQJRN0172
14:33:42.171 [main] [INFO] com.fnz.db2.journal.retrieve.JournalConcurrentUpdatesIT - receiver QSQJRN0172
14:33:42.172 [main] [DEBUG] com.fnz.db2.journal.retrieve.RetrieveJournal - Setting continuation offset JournalPosition[offset=222, receiver=JournalReceiver[name=QSQJRN0172, library=JRN_TEST4]]
14:33:42.351 [main] [INFO] com.fnz.db2.journal.retrieve.RetrieveJournal - Fetch journal at postion JournalProcessedPosition [offset=222, receiver=JournalReceiver[name=QSQJRN0172, library=JRN_TEST4], timeOfLastProcessed=2023-10-18T14:33:36.233136Z, processed=false] range PositionRange[fromBeginning=false, start=JournalProcessedPosition [offset=222, receiver=JournalReceiver[name=QSQJRN0172, library=JRN_TEST4], timeOfLastProcessed=2023-10-18T14:33:36.233136Z, processed=false], end=JournalPosition[offset=229, receiver=JournalReceiver[name=QSQJRN0172, library=JRN_TEST4]]]
14:33:42.385 [main] [DEBUG] com.fnz.db2.journal.retrieve.RetrieveJournal - first header: FirstHeader [totalBytes=2104, offset=64, size=7, status=NO_MORE_DATA, nextPosition=Optional.empty] 
14:33:42.386 [main] [INFO] com.fnz.db2.journal.retrieve.JournalConcurrentUpdatesIT - success: true position: JournalProcessedPosition [offset=229, receiver=JournalReceiver[name=QSQJRN0172, library=JRN_TEST4], timeOfLastProcessed=2023-10-18T14:33:36.233136Z, processed=false] header FirstHeader [totalBytes=2104, offset=64, size=7, status=NO_MORE_DATA_NEW_OFFSET, nextPosition=Optional[JournalPosition[offset=229, receiver=JournalReceiver[name=QSQJRN0172, library=JRN_TEST4]]]]
14:33:42.386 [main] [INFO] com.fnz.db2.journal.retrieve.JournalConcurrentUpdatesIT - more journal data: false
14:33:42.387 [main] [DEBUG] com.fnz.db2.journal.retrieve.RetrieveJournal - offset with receiver QSQJRN0172
14:33:42.387 [main] [INFO] com.fnz.db2.journal.retrieve.JournalConcurrentUpdatesIT - receiver QSQJRN0172
14:33:42.387 [main] [DEBUG] com.fnz.db2.journal.retrieve.RetrieveJournal - offset no receiver EntryHeader [nextEntryOffset=288, nullValueOffest=236, entrySpecificDataOffset=256, sequenceNumber=224, systemSequenceNumber=0, timestamp=2023-10-18T14:33:36.457664Z, journalCode=R, entryType=UP, objectName=SEQ1      JRN_TEST4 SEQ1      , commitCycle=0, endOffset=288, pointerHandle=0, receiver=, receiverLibrary=]
14:33:42.387 [main] [INFO] com.fnz.db2.journal.retrieve.JournalConcurrentUpdatesIT - receiver 
14:33:42.668 [main] [INFO] com.fnz.db2.journal.retrieve.JournalEntryDeocder - missed cache fetching structure for JRN_TEST4 SEQ1
14:33:45.605 [main] [DEBUG] com.fnz.db2.journal.retrieve.RetrieveJournal - offset no receiver EntryHeader [nextEntryOffset=288, nullValueOffest=236, entrySpecificDataOffset=256, sequenceNumber=225, systemSequenceNumber=0, timestamp=2023-10-18T14:33:36.486208Z, journalCode=R, entryType=UB, objectName=SEQ1      JRN_TEST4 SEQ1      , commitCycle=0, endOffset=288, pointerHandle=0, receiver=, receiverLibrary=]
14:33:45.605 [main] [INFO] com.fnz.db2.journal.retrieve.JournalConcurrentUpdatesIT - receiver 
14:33:45.606 [main] [DEBUG] com.fnz.db2.journal.retrieve.RetrieveJournal - offset no receiver EntryHeader [nextEntryOffset=288, nullValueOffest=236, entrySpecificDataOffset=256, sequenceNumber=226, systemSequenceNumber=0, timestamp=2023-10-18T14:33:36.486208Z, journalCode=R, entryType=UP, objectName=SEQ1      JRN_TEST4 SEQ1      , commitCycle=0, endOffset=288, pointerHandle=0, receiver=, receiverLibrary=]
14:33:45.606 [main] [INFO] com.fnz.db2.journal.retrieve.JournalConcurrentUpdatesIT - receiver 
14:33:45.606 [main] [DEBUG] com.fnz.db2.journal.retrieve.RetrieveJournal - offset no receiver EntryHeader [nextEntryOffset=288, nullValueOffest=236, entrySpecificDataOffset=256, sequenceNumber=227, systemSequenceNumber=0, timestamp=2023-10-18T14:33:36.510064Z, journalCode=R, entryType=UB, objectName=SEQ1      JRN_TEST4 SEQ1      , commitCycle=0, endOffset=288, pointerHandle=0, receiver=, receiverLibrary=]
14:33:45.606 [main] [INFO] com.fnz.db2.journal.retrieve.JournalConcurrentUpdatesIT - receiver 
14:33:45.607 [main] [DEBUG] com.fnz.db2.journal.retrieve.RetrieveJournal - offset no receiver EntryHeader [nextEntryOffset=288, nullValueOffest=236, entrySpecificDataOffset=256, sequenceNumber=228, systemSequenceNumber=0, timestamp=2023-10-18T14:33:36.510064Z, journalCode=R, entryType=UP, objectName=SEQ1      JRN_TEST4 SEQ1      , commitCycle=0, endOffset=288, pointerHandle=0, receiver=, receiverLibrary=]
14:33:45.607 [main] [INFO] com.fnz.db2.journal.retrieve.JournalConcurrentUpdatesIT - receiver 
14:33:45.607 [main] [DEBUG] com.fnz.db2.journal.retrieve.RetrieveJournal - offset no receiver EntryHeader [nextEntryOffset=0, nullValueOffest=236, entrySpecificDataOffset=256, sequenceNumber=229, systemSequenceNumber=0, timestamp=2023-10-18T14:33:36.533648Z, journalCode=R, entryType=UB, objectName=SEQ1      JRN_TEST4 SEQ1      , commitCycle=0, endOffset=129248, pointerHandle=0, receiver=, receiverLibrary=]
14:33:45.607 [main] [INFO] com.fnz.db2.journal.retrieve.JournalConcurrentUpdatesIT - receiver 
14:33:45.607 [main] [DEBUG] com.fnz.db2.journal.retrieve.RetrieveJournal - Setting continuation offset JournalPosition[offset=229, receiver=JournalReceiver[name=QSQJRN0172, library=JRN_TEST4]]
14:33:45.651 [Thread-0] [INFO] com.fnz.db2.journal.retrieve.JournalConcurrentUpdatesIT - add new receiver 59
14:33:45.666 [main] [INFO] com.fnz.db2.journal.retrieve.RetrieveJournal - Fetch journal at postion JournalProcessedPosition [offset=229, receiver=JournalReceiver[name=QSQJRN0172, library=JRN_TEST4], timeOfLastProcessed=2023-10-18T14:33:36.533648Z, processed=false] range PositionRange[fromBeginning=false, start=JournalProcessedPosition [offset=229, receiver=JournalReceiver[name=QSQJRN0172, library=JRN_TEST4], timeOfLastProcessed=2023-10-18T14:33:36.533648Z, processed=false], end=JournalPosition[offset=236, receiver=JournalReceiver[name=QSQJRN0172, library=JRN_TEST4]]]
14:33:45.811 [Thread-0] [INFO] com.fnz.db2.journal.retrieve.JournalConcurrentUpdatesIT - connamd true
14:33:45.811 [Thread-0] [INFO] com.fnz.db2.journal.retrieve.JournalConcurrentUpdatesIT - command CHGJRN JRN(JRN_TEST4/QSQJRN) JRNRCV(*GEN) SEQOPT(*RESET) reponse Journal receiver QSQJRN0175 created in library JRN_TEST4.
14:33:45.811 [Thread-0] [INFO] com.fnz.db2.journal.retrieve.JournalConcurrentUpdatesIT - command CHGJRN JRN(JRN_TEST4/QSQJRN) JRNRCV(*GEN) SEQOPT(*RESET) reponse Journal receivers QSQJRN0174 and *N detached.
14:33:45.811 [Thread-0] [INFO] com.fnz.db2.journal.retrieve.JournalConcurrentUpdatesIT - padding with ignored updates 46
14:33:45.834 [main] [DEBUG] com.fnz.db2.journal.retrieve.RetrieveJournal - first header: FirstHeader [totalBytes=2392, offset=64, size=8, status=NO_MORE_DATA, nextPosition=Optional.empty] 
14:33:45.834 [main] [INFO] com.fnz.db2.journal.retrieve.JournalConcurrentUpdatesIT - success: true position: JournalProcessedPosition [offset=236, receiver=JournalReceiver[name=QSQJRN0172, library=JRN_TEST4], timeOfLastProcessed=2023-10-18T14:33:36.533648Z, processed=false] header FirstHeader [totalBytes=2392, offset=64, size=8, status=NO_MORE_DATA_NEW_OFFSET, nextPosition=Optional[JournalPosition[offset=236, receiver=JournalReceiver[name=QSQJRN0172, library=JRN_TEST4]]]]
14:33:45.835 [main] [INFO] com.fnz.db2.journal.retrieve.JournalConcurrentUpdatesIT - more journal data: false
14:33:45.835 [main] [DEBUG] com.fnz.db2.journal.retrieve.RetrieveJournal - offset with receiver QSQJRN0172
14:33:45.835 [main] [INFO] com.fnz.db2.journal.retrieve.JournalConcurrentUpdatesIT - receiver QSQJRN0172
14:33:45.835 [main] [DEBUG] com.fnz.db2.journal.retrieve.RetrieveJournal - offset no receiver EntryHeader [nextEntryOffset=288, nullValueOffest=236, entrySpecificDataOffset=256, sequenceNumber=230, systemSequenceNumber=0, timestamp=2023-10-18T14:33:36.533648Z, journalCode=R, entryType=UP, objectName=SEQ1      JRN_TEST4 SEQ1      , commitCycle=0, endOffset=288, pointerHandle=0, receiver=, receiverLibrary=]
14:33:45.836 [main] [INFO] com.fnz.db2.journal.retrieve.JournalConcurrentUpdatesIT - receiver 
14:33:45.836 [main] [DEBUG] com.fnz.db2.journal.retrieve.RetrieveJournal - offset no receiver EntryHeader [nextEntryOffset=288, nullValueOffest=236, entrySpecificDataOffset=256, sequenceNumber=231, systemSequenceNumber=0, timestamp=2023-10-18T14:33:36.578032Z, journalCode=R, entryType=UB, objectName=SEQ1      JRN_TEST4 SEQ1      , commitCycle=0, endOffset=288, pointerHandle=0, receiver=, receiverLibrary=]
14:33:45.836 [main] [INFO] com.fnz.db2.journal.retrieve.JournalConcurrentUpdatesIT - receiver 
14:33:45.837 [main] [DEBUG] com.fnz.db2.journal.retrieve.RetrieveJournal - offset no receiver EntryHeader [nextEntryOffset=288, nullValueOffest=236, entrySpecificDataOffset=256, sequenceNumber=232, systemSequenceNumber=0, timestamp=2023-10-18T14:33:36.578032Z, journalCode=R, entryType=UP, objectName=SEQ1      JRN_TEST4 SEQ1      , commitCycle=0, endOffset=288, pointerHandle=0, receiver=, receiverLibrary=]
14:33:45.837 [main] [INFO] com.fnz.db2.journal.retrieve.JournalConcurrentUpdatesIT - receiver 
14:33:45.838 [main] [DEBUG] com.fnz.db2.journal.retrieve.RetrieveJournal - offset no receiver EntryHeader [nextEntryOffset=288, nullValueOffest=236, entrySpecificDataOffset=256, sequenceNumber=233, systemSequenceNumber=0, timestamp=2023-10-18T14:33:36.602080Z, journalCode=R, entryType=UB, objectName=SEQ1      JRN_TEST4 SEQ1      , commitCycle=0, endOffset=288, pointerHandle=0, receiver=, receiverLibrary=]
14:33:45.838 [main] [INFO] com.fnz.db2.journal.retrieve.JournalConcurrentUpdatesIT - receiver 
14:33:45.838 [main] [DEBUG] com.fnz.db2.journal.retrieve.RetrieveJournal - offset no receiver EntryHeader [nextEntryOffset=288, nullValueOffest=236, entrySpecificDataOffset=256, sequenceNumber=234, systemSequenceNumber=0, timestamp=2023-10-18T14:33:36.602080Z, journalCode=R, entryType=UP, objectName=SEQ1      JRN_TEST4 SEQ1      , commitCycle=0, endOffset=288, pointerHandle=0, receiver=, receiverLibrary=]
14:33:45.838 [main] [INFO] com.fnz.db2.journal.retrieve.JournalConcurrentUpdatesIT - receiver 
14:33:45.839 [main] [DEBUG] com.fnz.db2.journal.retrieve.RetrieveJournal - offset no receiver EntryHeader [nextEntryOffset=288, nullValueOffest=236, entrySpecificDataOffset=256, sequenceNumber=235, systemSequenceNumber=0, timestamp=2023-10-18T14:33:36.642544Z, journalCode=R, entryType=UB, objectName=SEQ1      JRN_TEST4 SEQ1      , commitCycle=0, endOffset=288, pointerHandle=0, receiver=, receiverLibrary=]
14:33:45.839 [main] [INFO] com.fnz.db2.journal.retrieve.JournalConcurrentUpdatesIT - receiver 
14:33:45.839 [main] [DEBUG] com.fnz.db2.journal.retrieve.RetrieveJournal - offset no receiver EntryHeader [nextEntryOffset=0, nullValueOffest=236, entrySpecificDataOffset=256, sequenceNumber=236, systemSequenceNumber=0, timestamp=2023-10-18T14:33:36.642544Z, journalCode=R, entryType=UP, objectName=SEQ1      JRN_TEST4 SEQ1      , commitCycle=0, endOffset=128960, pointerHandle=0, receiver=, receiverLibrary=]
14:33:45.839 [main] [INFO] com.fnz.db2.journal.retrieve.JournalConcurrentUpdatesIT - receiver 
14:33:45.840 [main] [DEBUG] com.fnz.db2.journal.retrieve.RetrieveJournal - Setting continuation offset JournalPosition[offset=236, receiver=JournalReceiver[name=QSQJRN0172, library=JRN_TEST4]]
14:33:46.004 [main] [INFO] com.fnz.db2.journal.retrieve.RetrieveJournal - Fetch journal at postion JournalProcessedPosition [offset=236, receiver=JournalReceiver[name=QSQJRN0172, library=JRN_TEST4], timeOfLastProcessed=2023-10-18T14:33:36.642544Z, processed=false] range PositionRange[fromBeginning=false, start=JournalProcessedPosition [offset=236, receiver=JournalReceiver[name=QSQJRN0172, library=JRN_TEST4], timeOfLastProcessed=2023-10-18T14:33:36.642544Z, processed=false], end=JournalPosition[offset=243, receiver=JournalReceiver[name=QSQJRN0172, library=JRN_TEST4]]]
14:33:46.038 [main] [DEBUG] com.fnz.db2.journal.retrieve.RetrieveJournal - first header: FirstHeader [totalBytes=2392, offset=64, size=8, status=NO_MORE_DATA, nextPosition=Optional.empty] 
14:33:46.038 [main] [INFO] com.fnz.db2.journal.retrieve.JournalConcurrentUpdatesIT - success: true position: JournalProcessedPosition [offset=243, receiver=JournalReceiver[name=QSQJRN0172, library=JRN_TEST4], timeOfLastProcessed=2023-10-18T14:33:36.642544Z, processed=false] header FirstHeader [totalBytes=2392, offset=64, size=8, status=NO_MORE_DATA_NEW_OFFSET, nextPosition=Optional[JournalPosition[offset=243, receiver=JournalReceiver[name=QSQJRN0172, library=JRN_TEST4]]]]
14:33:46.038 [main] [INFO] com.fnz.db2.journal.retrieve.JournalConcurrentUpdatesIT - more journal data: false
14:33:46.038 [main] [DEBUG] com.fnz.db2.journal.retrieve.RetrieveJournal - offset with receiver QSQJRN0172
14:33:46.039 [main] [INFO] com.fnz.db2.journal.retrieve.JournalConcurrentUpdatesIT - receiver QSQJRN0172
14:57:04.644 [main] [INFO] com.fnz.db2.journal.retrieve.JournalConcurrentUpdatesIT - journal JournalInfo [journalName=QSQJRN, journalLibrary=JRN_TEST4]
14:57:04.930 [Thread-0] [INFO] com.fnz.db2.journal.retrieve.JournalConcurrentUpdatesIT - insert 0
14:57:04.931 [Thread-0] [INFO] com.fnz.db2.journal.retrieve.JournalConcurrentUpdatesIT - insert 1
14:57:04.931 [Thread-0] [INFO] com.fnz.db2.journal.retrieve.JournalConcurrentUpdatesIT - insert 2
14:57:04.931 [Thread-0] [INFO] com.fnz.db2.journal.retrieve.JournalConcurrentUpdatesIT - insert 3
14:57:04.931 [Thread-0] [INFO] com.fnz.db2.journal.retrieve.JournalConcurrentUpdatesIT - insert 4
14:57:04.931 [Thread-0] [INFO] com.fnz.db2.journal.retrieve.JournalConcurrentUpdatesIT - insert 5
14:57:04.931 [Thread-0] [INFO] com.fnz.db2.journal.retrieve.JournalConcurrentUpdatesIT - insert 6
14:57:04.931 [Thread-0] [INFO] com.fnz.db2.journal.retrieve.JournalConcurrentUpdatesIT - insert 7
14:57:04.931 [Thread-0] [INFO] com.fnz.db2.journal.retrieve.JournalConcurrentUpdatesIT - insert 8
14:57:05.191 [Thread-0] [INFO] com.fnz.db2.journal.retrieve.JournalConcurrentUpdatesIT - padding with ignored updates 35
14:57:06.124 [Thread-0] [INFO] com.fnz.db2.journal.retrieve.JournalConcurrentUpdatesIT - add new receiver 9
14:57:06.248 [Thread-0] [INFO] com.fnz.db2.journal.retrieve.JournalConcurrentUpdatesIT - connamd true
14:57:06.248 [Thread-0] [INFO] com.fnz.db2.journal.retrieve.JournalConcurrentUpdatesIT - command CHGJRN JRN(JRN_TEST4/QSQJRN) JRNRCV(*GEN) SEQOPT(*RESET) reponse Journal receiver QSQJRN0176 created in library JRN_TEST4.
14:57:06.248 [Thread-0] [INFO] com.fnz.db2.journal.retrieve.JournalConcurrentUpdatesIT - command CHGJRN JRN(JRN_TEST4/QSQJRN) JRNRCV(*GEN) SEQOPT(*RESET) reponse Journal receivers QSQJRN0175 and *N detached.
14:57:06.248 [Thread-0] [INFO] com.fnz.db2.journal.retrieve.JournalConcurrentUpdatesIT - padding with ignored updates 27
14:57:07.026 [Thread-0] [INFO] com.fnz.db2.journal.retrieve.JournalConcurrentUpdatesIT - add new receiver 9
14:57:07.139 [Thread-0] [INFO] com.fnz.db2.journal.retrieve.JournalConcurrentUpdatesIT - connamd true
14:57:07.139 [Thread-0] [INFO] com.fnz.db2.journal.retrieve.JournalConcurrentUpdatesIT - command CHGJRN JRN(JRN_TEST4/QSQJRN) JRNRCV(*GEN) SEQOPT(*RESET) reponse Journal receiver QSQJRN0177 created in library JRN_TEST4.
14:57:07.139 [Thread-0] [INFO] com.fnz.db2.journal.retrieve.JournalConcurrentUpdatesIT - command CHGJRN JRN(JRN_TEST4/QSQJRN) JRNRCV(*GEN) SEQOPT(*RESET) reponse Journal receivers QSQJRN0176 and *N detached.
14:57:07.153 [Thread-0] [INFO] com.fnz.db2.journal.retrieve.JournalConcurrentUpdatesIT - insert 10
14:57:07.153 [Thread-0] [INFO] com.fnz.db2.journal.retrieve.JournalConcurrentUpdatesIT - insert 11
14:57:07.153 [Thread-0] [INFO] com.fnz.db2.journal.retrieve.JournalConcurrentUpdatesIT - insert 12
14:57:07.153 [Thread-0] [INFO] com.fnz.db2.journal.retrieve.JournalConcurrentUpdatesIT - insert 13
14:57:07.154 [Thread-0] [INFO] com.fnz.db2.journal.retrieve.JournalConcurrentUpdatesIT - insert 14
14:57:07.307 [Thread-0] [INFO] com.fnz.db2.journal.retrieve.JournalConcurrentUpdatesIT - padding with ignored updates 19
14:57:07.797 [Thread-0] [INFO] com.fnz.db2.journal.retrieve.JournalConcurrentUpdatesIT - add new receiver 15
14:57:07.922 [Thread-0] [INFO] com.fnz.db2.journal.retrieve.JournalConcurrentUpdatesIT - connamd true
14:57:07.923 [Thread-0] [INFO] com.fnz.db2.journal.retrieve.JournalConcurrentUpdatesIT - command CHGJRN JRN(JRN_TEST4/QSQJRN) JRNRCV(*GEN) SEQOPT(*RESET) reponse Journal receiver QSQJRN0178 created in library JRN_TEST4.
14:57:07.923 [Thread-0] [INFO] com.fnz.db2.journal.retrieve.JournalConcurrentUpdatesIT - command CHGJRN JRN(JRN_TEST4/QSQJRN) JRNRCV(*GEN) SEQOPT(*RESET) reponse Journal receivers QSQJRN0177 and *N detached.
14:57:07.923 [Thread-0] [INFO] com.fnz.db2.journal.retrieve.JournalConcurrentUpdatesIT - padding with ignored updates 49
14:57:09.197 [Thread-0] [INFO] com.fnz.db2.journal.retrieve.JournalConcurrentUpdatesIT - add new receiver 15
14:57:09.339 [Thread-0] [INFO] com.fnz.db2.journal.retrieve.JournalConcurrentUpdatesIT - connamd true
14:57:09.339 [Thread-0] [INFO] com.fnz.db2.journal.retrieve.JournalConcurrentUpdatesIT - command CHGJRN JRN(JRN_TEST4/QSQJRN) JRNRCV(*GEN) SEQOPT(*RESET) reponse Journal receiver QSQJRN0179 created in library JRN_TEST4.
14:57:09.339 [Thread-0] [INFO] com.fnz.db2.journal.retrieve.JournalConcurrentUpdatesIT - command CHGJRN JRN(JRN_TEST4/QSQJRN) JRNRCV(*GEN) SEQOPT(*RESET) reponse Journal receivers QSQJRN0178 and *N detached.
14:57:09.347 [Thread-0] [INFO] com.fnz.db2.journal.retrieve.JournalConcurrentUpdatesIT - insert 16
14:57:09.347 [Thread-0] [INFO] com.fnz.db2.journal.retrieve.JournalConcurrentUpdatesIT - insert 17
14:57:09.347 [Thread-0] [INFO] com.fnz.db2.journal.retrieve.JournalConcurrentUpdatesIT - insert 18
14:57:09.347 [Thread-0] [INFO] com.fnz.db2.journal.retrieve.JournalConcurrentUpdatesIT - insert 19
14:57:09.347 [Thread-0] [INFO] com.fnz.db2.journal.retrieve.JournalConcurrentUpdatesIT - insert 20
14:57:09.347 [Thread-0] [INFO] com.fnz.db2.journal.retrieve.JournalConcurrentUpdatesIT - insert 21
14:57:09.348 [Thread-0] [INFO] com.fnz.db2.journal.retrieve.JournalConcurrentUpdatesIT - insert 22
14:57:09.348 [Thread-0] [INFO] com.fnz.db2.journal.retrieve.JournalConcurrentUpdatesIT - insert 23
14:57:09.348 [Thread-0] [INFO] com.fnz.db2.journal.retrieve.JournalConcurrentUpdatesIT - insert 24
14:57:09.348 [Thread-0] [INFO] com.fnz.db2.journal.retrieve.JournalConcurrentUpdatesIT - insert 25
14:57:09.348 [Thread-0] [INFO] com.fnz.db2.journal.retrieve.JournalConcurrentUpdatesIT - insert 26
14:57:09.348 [Thread-0] [INFO] com.fnz.db2.journal.retrieve.JournalConcurrentUpdatesIT - insert 27
14:57:09.349 [Thread-0] [INFO] com.fnz.db2.journal.retrieve.JournalConcurrentUpdatesIT - insert 28
14:57:09.349 [Thread-0] [INFO] com.fnz.db2.journal.retrieve.JournalConcurrentUpdatesIT - insert 29
14:57:09.349 [Thread-0] [INFO] com.fnz.db2.journal.retrieve.JournalConcurrentUpdatesIT - insert 30
14:57:09.349 [Thread-0] [INFO] com.fnz.db2.journal.retrieve.JournalConcurrentUpdatesIT - insert 31
14:57:09.774 [Thread-0] [INFO] com.fnz.db2.journal.retrieve.JournalConcurrentUpdatesIT - padding with ignored updates 45
14:57:10.108 [main] [INFO] com.fnz.db2.journal.retrieve.RetrieveJournal - Fetch journal at postion JournalProcessedPosition [offset=48, receiver=JournalReceiver[name=QSQJRN0175, library=JRN_TEST4], timeOfLastProcessed=2023-10-18T13:57:04.744460100Z, processed=true] range PositionRange[fromBeginning=false, start=JournalProcessedPosition [offset=48, receiver=JournalReceiver[name=QSQJRN0175, library=JRN_TEST4], timeOfLastProcessed=2023-10-18T13:57:04.744460100Z, processed=true], end=JournalPosition[offset=52, receiver=JournalReceiver[name=QSQJRN0175, library=JRN_TEST4]]]
14:57:10.141 [main] [DEBUG] com.fnz.db2.journal.retrieve.RetrieveJournal - first header: FirstHeader [totalBytes=376, offset=64, size=1, status=NO_MORE_DATA, nextPosition=Optional.empty] 
14:57:10.142 [main] [INFO] com.fnz.db2.journal.retrieve.JournalConcurrentUpdatesIT - success: true position: JournalProcessedPosition [offset=52, receiver=JournalReceiver[name=QSQJRN0175, library=JRN_TEST4], timeOfLastProcessed=2023-10-18T13:57:04.744460100Z, processed=false] header FirstHeader [totalBytes=376, offset=64, size=1, status=NO_MORE_DATA_NEW_OFFSET, nextPosition=Optional[JournalPosition[offset=52, receiver=JournalReceiver[name=QSQJRN0175, library=JRN_TEST4]]]]
14:57:10.142 [main] [INFO] com.fnz.db2.journal.retrieve.JournalConcurrentUpdatesIT - more journal data: false
14:57:10.146 [main] [DEBUG] com.fnz.db2.journal.retrieve.RetrieveJournal - offset with receiver QSQJRN0175
14:57:10.148 [main] [INFO] com.fnz.db2.journal.retrieve.JournalConcurrentUpdatesIT - R.PT
14:57:10.152 [main] [INFO] com.fnz.db2.journal.retrieve.JournalConcurrentUpdatesIT - receiver QSQJRN0175
14:57:10.152 [main] [DEBUG] com.fnz.db2.journal.retrieve.RetrieveJournal - Setting continuation offset JournalPosition[offset=52, receiver=JournalReceiver[name=QSQJRN0175, library=JRN_TEST4]]
14:57:10.360 [main] [INFO] com.fnz.db2.journal.retrieve.RetrieveJournal - Fetch journal at postion JournalProcessedPosition [offset=52, receiver=JournalReceiver[name=QSQJRN0175, library=JRN_TEST4], timeOfLastProcessed=2023-10-18T14:57:04.688688Z, processed=false] range PositionRange[fromBeginning=false, start=JournalProcessedPosition [offset=52, receiver=JournalReceiver[name=QSQJRN0175, library=JRN_TEST4], timeOfLastProcessed=2023-10-18T14:57:04.688688Z, processed=false], end=JournalPosition[offset=59, receiver=JournalReceiver[name=QSQJRN0175, library=JRN_TEST4]]]
14:57:10.384 [main] [DEBUG] com.fnz.db2.journal.retrieve.RetrieveJournal - first header: FirstHeader [totalBytes=2104, offset=64, size=7, status=NO_MORE_DATA, nextPosition=Optional.empty] 
14:57:10.385 [main] [INFO] com.fnz.db2.journal.retrieve.JournalConcurrentUpdatesIT - success: true position: JournalProcessedPosition [offset=59, receiver=JournalReceiver[name=QSQJRN0175, library=JRN_TEST4], timeOfLastProcessed=2023-10-18T14:57:04.688688Z, processed=false] header FirstHeader [totalBytes=2104, offset=64, size=7, status=NO_MORE_DATA_NEW_OFFSET, nextPosition=Optional[JournalPosition[offset=59, receiver=JournalReceiver[name=QSQJRN0175, library=JRN_TEST4]]]]
14:57:10.386 [main] [INFO] com.fnz.db2.journal.retrieve.JournalConcurrentUpdatesIT - more journal data: false
14:57:10.388 [main] [DEBUG] com.fnz.db2.journal.retrieve.RetrieveJournal - offset with receiver QSQJRN0175
14:57:10.388 [main] [INFO] com.fnz.db2.journal.retrieve.JournalConcurrentUpdatesIT - R.UB
14:57:10.389 [main] [INFO] com.fnz.db2.journal.retrieve.JournalConcurrentUpdatesIT - receiver QSQJRN0175
14:57:10.389 [main] [DEBUG] com.fnz.db2.journal.retrieve.RetrieveJournal - offset no receiver EntryHeader [nextEntryOffset=288, nullValueOffest=236, entrySpecificDataOffset=256, sequenceNumber=54, systemSequenceNumber=0, timestamp=2023-10-18T14:57:04.886448Z, journalCode=R, entryType=UP, objectName=SEQ1      JRN_TEST4 SEQ1      , commitCycle=0, endOffset=288, pointerHandle=0, receiver=, receiverLibrary=]
14:57:10.390 [main] [INFO] com.fnz.db2.journal.retrieve.JournalConcurrentUpdatesIT - R.UP
14:57:10.390 [main] [INFO] com.fnz.db2.journal.retrieve.JournalConcurrentUpdatesIT - receiver 
14:57:10.697 [main] [INFO] com.fnz.db2.journal.retrieve.JournalEntryDeocder - missed cache fetching structure for JRN_TEST4 SEQ1
14:57:12.516 [Thread-0] [INFO] com.fnz.db2.journal.retrieve.JournalConcurrentUpdatesIT - add new receiver 32
14:57:12.564 [main] [DEBUG] com.fnz.db2.journal.retrieve.RetrieveJournal - offset no receiver EntryHeader [nextEntryOffset=288, nullValueOffest=236, entrySpecificDataOffset=256, sequenceNumber=55, systemSequenceNumber=0, timestamp=2023-10-18T14:57:04.913120Z, journalCode=R, entryType=UB, objectName=SEQ1      JRN_TEST4 SEQ1      , commitCycle=0, endOffset=288, pointerHandle=0, receiver=, receiverLibrary=]
14:57:12.565 [main] [INFO] com.fnz.db2.journal.retrieve.JournalConcurrentUpdatesIT - R.UB
14:57:12.565 [main] [INFO] com.fnz.db2.journal.retrieve.JournalConcurrentUpdatesIT - receiver 
14:57:12.565 [main] [DEBUG] com.fnz.db2.journal.retrieve.RetrieveJournal - offset no receiver EntryHeader [nextEntryOffset=288, nullValueOffest=236, entrySpecificDataOffset=256, sequenceNumber=56, systemSequenceNumber=0, timestamp=2023-10-18T14:57:04.913120Z, journalCode=R, entryType=UP, objectName=SEQ1      JRN_TEST4 SEQ1      , commitCycle=0, endOffset=288, pointerHandle=0, receiver=, receiverLibrary=]
14:57:12.566 [main] [INFO] com.fnz.db2.journal.retrieve.JournalConcurrentUpdatesIT - R.UP
14:57:12.566 [main] [INFO] com.fnz.db2.journal.retrieve.JournalConcurrentUpdatesIT - receiver 
14:57:12.566 [main] [DEBUG] com.fnz.db2.journal.retrieve.RetrieveJournal - offset no receiver EntryHeader [nextEntryOffset=288, nullValueOffest=236, entrySpecificDataOffset=256, sequenceNumber=57, systemSequenceNumber=0, timestamp=2023-10-18T14:57:04.937552Z, journalCode=R, entryType=UB, objectName=SEQ1      JRN_TEST4 SEQ1      , commitCycle=0, endOffset=288, pointerHandle=0, receiver=, receiverLibrary=]
14:57:12.566 [main] [INFO] com.fnz.db2.journal.retrieve.JournalConcurrentUpdatesIT - R.UB
14:57:12.566 [main] [INFO] com.fnz.db2.journal.retrieve.JournalConcurrentUpdatesIT - receiver 
14:57:12.567 [main] [DEBUG] com.fnz.db2.journal.retrieve.RetrieveJournal - offset no receiver EntryHeader [nextEntryOffset=288, nullValueOffest=236, entrySpecificDataOffset=256, sequenceNumber=58, systemSequenceNumber=0, timestamp=2023-10-18T14:57:04.937552Z, journalCode=R, entryType=UP, objectName=SEQ1      JRN_TEST4 SEQ1      , commitCycle=0, endOffset=288, pointerHandle=0, receiver=, receiverLibrary=]
14:57:12.567 [main] [INFO] com.fnz.db2.journal.retrieve.JournalConcurrentUpdatesIT - R.UP
14:57:12.567 [main] [INFO] com.fnz.db2.journal.retrieve.JournalConcurrentUpdatesIT - receiver 
14:57:12.567 [main] [DEBUG] com.fnz.db2.journal.retrieve.RetrieveJournal - offset no receiver EntryHeader [nextEntryOffset=0, nullValueOffest=236, entrySpecificDataOffset=256, sequenceNumber=59, systemSequenceNumber=0, timestamp=2023-10-18T14:57:04.959856Z, journalCode=R, entryType=UB, objectName=SEQ1      JRN_TEST4 SEQ1      , commitCycle=0, endOffset=129248, pointerHandle=0, receiver=, receiverLibrary=]
14:57:12.567 [main] [INFO] com.fnz.db2.journal.retrieve.JournalConcurrentUpdatesIT - R.UB
14:57:12.567 [main] [INFO] com.fnz.db2.journal.retrieve.JournalConcurrentUpdatesIT - receiver 
14:57:12.568 [main] [DEBUG] com.fnz.db2.journal.retrieve.RetrieveJournal - Setting continuation offset JournalPosition[offset=59, receiver=JournalReceiver[name=QSQJRN0175, library=JRN_TEST4]]
14:57:12.634 [Thread-0] [INFO] com.fnz.db2.journal.retrieve.JournalConcurrentUpdatesIT - connamd true
14:57:12.635 [Thread-0] [INFO] com.fnz.db2.journal.retrieve.JournalConcurrentUpdatesIT - command CHGJRN JRN(JRN_TEST4/QSQJRN) JRNRCV(*GEN) SEQOPT(*RESET) reponse Journal receiver QSQJRN0180 created in library JRN_TEST4.
14:57:12.635 [Thread-0] [INFO] com.fnz.db2.journal.retrieve.JournalConcurrentUpdatesIT - command CHGJRN JRN(JRN_TEST4/QSQJRN) JRNRCV(*GEN) SEQOPT(*RESET) reponse Journal receivers QSQJRN0179 and *N detached.
14:57:12.635 [Thread-0] [INFO] com.fnz.db2.journal.retrieve.JournalConcurrentUpdatesIT - padding with ignored updates 8
14:57:12.781 [main] [INFO] com.fnz.db2.journal.retrieve.RetrieveJournal - Fetch journal at postion JournalProcessedPosition [offset=59, receiver=JournalReceiver[name=QSQJRN0175, library=JRN_TEST4], timeOfLastProcessed=2023-10-18T14:57:04.959856Z, processed=false] range PositionRange[fromBeginning=false, start=JournalProcessedPosition [offset=59, receiver=JournalReceiver[name=QSQJRN0175, library=JRN_TEST4], timeOfLastProcessed=2023-10-18T14:57:04.959856Z, processed=false], end=JournalPosition[offset=66, receiver=JournalReceiver[name=QSQJRN0175, library=JRN_TEST4]]]
14:57:12.811 [main] [DEBUG] com.fnz.db2.journal.retrieve.RetrieveJournal - first header: FirstHeader [totalBytes=2392, offset=64, size=8, status=NO_MORE_DATA, nextPosition=Optional.empty] 
14:57:12.811 [main] [INFO] com.fnz.db2.journal.retrieve.JournalConcurrentUpdatesIT - success: true position: JournalProcessedPosition [offset=66, receiver=JournalReceiver[name=QSQJRN0175, library=JRN_TEST4], timeOfLastProcessed=2023-10-18T14:57:04.959856Z, processed=false] header FirstHeader [totalBytes=2392, offset=64, size=8, status=NO_MORE_DATA_NEW_OFFSET, nextPosition=Optional[JournalPosition[offset=66, receiver=JournalReceiver[name=QSQJRN0175, library=JRN_TEST4]]]]
14:57:12.811 [main] [INFO] com.fnz.db2.journal.retrieve.JournalConcurrentUpdatesIT - more journal data: false
14:57:12.812 [main] [DEBUG] com.fnz.db2.journal.retrieve.RetrieveJournal - offset with receiver QSQJRN0175
14:57:12.812 [main] [INFO] com.fnz.db2.journal.retrieve.JournalConcurrentUpdatesIT - R.UB
14:57:12.812 [main] [INFO] com.fnz.db2.journal.retrieve.JournalConcurrentUpdatesIT - receiver QSQJRN0175
14:57:12.812 [main] [DEBUG] com.fnz.db2.journal.retrieve.RetrieveJournal - offset no receiver EntryHeader [nextEntryOffset=288, nullValueOffest=236, entrySpecificDataOffset=256, sequenceNumber=60, systemSequenceNumber=0, timestamp=2023-10-18T14:57:04.959856Z, journalCode=R, entryType=UP, objectName=SEQ1      JRN_TEST4 SEQ1      , commitCycle=0, endOffset=288, pointerHandle=0, receiver=, receiverLibrary=]
14:57:12.812 [main] [INFO] com.fnz.db2.journal.retrieve.JournalConcurrentUpdatesIT - R.UP
14:57:12.812 [main] [INFO] com.fnz.db2.journal.retrieve.JournalConcurrentUpdatesIT - receiver 
14:57:12.813 [main] [DEBUG] com.fnz.db2.journal.retrieve.RetrieveJournal - offset no receiver EntryHeader [nextEntryOffset=288, nullValueOffest=236, entrySpecificDataOffset=256, sequenceNumber=61, systemSequenceNumber=0, timestamp=2023-10-18T14:57:04.982352Z, journalCode=R, entryType=UB, objectName=SEQ1      JRN_TEST4 SEQ1      , commitCycle=0, endOffset=288, pointerHandle=0, receiver=, receiverLibrary=]
14:57:12.813 [main] [INFO] com.fnz.db2.journal.retrieve.JournalConcurrentUpdatesIT - R.UB
14:57:12.813 [main] [INFO] com.fnz.db2.journal.retrieve.JournalConcurrentUpdatesIT - receiver 
14:57:12.813 [main] [DEBUG] com.fnz.db2.journal.retrieve.RetrieveJournal - offset no receiver EntryHeader [nextEntryOffset=288, nullValueOffest=236, entrySpecificDataOffset=256, sequenceNumber=62, systemSequenceNumber=0, timestamp=2023-10-18T14:57:04.982352Z, journalCode=R, entryType=UP, objectName=SEQ1      JRN_TEST4 SEQ1      , commitCycle=0, endOffset=288, pointerHandle=0, receiver=, receiverLibrary=]
14:57:12.813 [main] [INFO] com.fnz.db2.journal.retrieve.JournalConcurrentUpdatesIT - R.UP
14:57:12.813 [main] [INFO] com.fnz.db2.journal.retrieve.JournalConcurrentUpdatesIT - receiver 
14:57:12.814 [main] [DEBUG] com.fnz.db2.journal.retrieve.RetrieveJournal - offset no receiver EntryHeader [nextEntryOffset=288, nullValueOffest=236, entrySpecificDataOffset=256, sequenceNumber=63, systemSequenceNumber=0, timestamp=2023-10-18T14:57:05.007696Z, journalCode=R, entryType=UB, objectName=SEQ1      JRN_TEST4 SEQ1      , commitCycle=0, endOffset=288, pointerHandle=0, receiver=, receiverLibrary=]
14:57:12.814 [main] [INFO] com.fnz.db2.journal.retrieve.JournalConcurrentUpdatesIT - R.UB
14:57:12.814 [main] [INFO] com.fnz.db2.journal.retrieve.JournalConcurrentUpdatesIT - receiver 
14:57:12.814 [main] [DEBUG] com.fnz.db2.journal.retrieve.RetrieveJournal - offset no receiver EntryHeader [nextEntryOffset=288, nullValueOffest=236, entrySpecificDataOffset=256, sequenceNumber=64, systemSequenceNumber=0, timestamp=2023-10-18T14:57:05.007696Z, journalCode=R, entryType=UP, objectName=SEQ1      JRN_TEST4 SEQ1      , commitCycle=0, endOffset=288, pointerHandle=0, receiver=, receiverLibrary=]
14:57:12.814 [main] [INFO] com.fnz.db2.journal.retrieve.JournalConcurrentUpdatesIT - R.UP
14:57:12.814 [main] [INFO] com.fnz.db2.journal.retrieve.JournalConcurrentUpdatesIT - receiver 
14:57:12.815 [main] [DEBUG] com.fnz.db2.journal.retrieve.RetrieveJournal - offset no receiver EntryHeader [nextEntryOffset=288, nullValueOffest=236, entrySpecificDataOffset=256, sequenceNumber=65, systemSequenceNumber=0, timestamp=2023-10-18T14:57:05.030736Z, journalCode=R, entryType=UB, objectName=SEQ1      JRN_TEST4 SEQ1      , commitCycle=0, endOffset=288, pointerHandle=0, receiver=, receiverLibrary=]
14:57:12.815 [main] [INFO] com.fnz.db2.journal.retrieve.JournalConcurrentUpdatesIT - R.UB
14:57:12.815 [main] [INFO] com.fnz.db2.journal.retrieve.JournalConcurrentUpdatesIT - receiver 
14:57:12.815 [main] [DEBUG] com.fnz.db2.journal.retrieve.RetrieveJournal - offset no receiver EntryHeader [nextEntryOffset=0, nullValueOffest=236, entrySpecificDataOffset=256, sequenceNumber=66, systemSequenceNumber=0, timestamp=2023-10-18T14:57:05.030736Z, journalCode=R, entryType=UP, objectName=SEQ1      JRN_TEST4 SEQ1      , commitCycle=0, endOffset=128960, pointerHandle=0, receiver=, receiverLibrary=]
14:57:12.815 [main] [INFO] com.fnz.db2.journal.retrieve.JournalConcurrentUpdatesIT - R.UP
14:57:12.815 [main] [INFO] com.fnz.db2.journal.retrieve.JournalConcurrentUpdatesIT - receiver 
14:57:12.816 [main] [DEBUG] com.fnz.db2.journal.retrieve.RetrieveJournal - Setting continuation offset JournalPosition[offset=66, receiver=JournalReceiver[name=QSQJRN0175, library=JRN_TEST4]]
14:57:12.871 [main] [INFO] com.fnz.db2.journal.retrieve.RetrieveJournal - Fetch journal at postion JournalProcessedPosition [offset=66, receiver=JournalReceiver[name=QSQJRN0175, library=JRN_TEST4], timeOfLastProcessed=2023-10-18T14:57:05.030736Z, processed=false] range PositionRange[fromBeginning=false, start=JournalProcessedPosition [offset=66, receiver=JournalReceiver[name=QSQJRN0175, library=JRN_TEST4], timeOfLastProcessed=2023-10-18T14:57:05.030736Z, processed=false], end=JournalPosition[offset=73, receiver=JournalReceiver[name=QSQJRN0175, library=JRN_TEST4]]]
14:57:12.881 [Thread-0] [INFO] com.fnz.db2.journal.retrieve.JournalConcurrentUpdatesIT - add new receiver 32
14:57:12.895 [main] [DEBUG] com.fnz.db2.journal.retrieve.RetrieveJournal - first header: FirstHeader [totalBytes=1528, offset=64, size=5, status=NO_MORE_DATA, nextPosition=Optional.empty] 
14:57:12.895 [main] [INFO] com.fnz.db2.journal.retrieve.JournalConcurrentUpdatesIT - success: true position: JournalProcessedPosition [offset=73, receiver=JournalReceiver[name=QSQJRN0175, library=JRN_TEST4], timeOfLastProcessed=2023-10-18T14:57:05.030736Z, processed=false] header FirstHeader [totalBytes=1528, offset=64, size=5, status=NO_MORE_DATA_NEW_OFFSET, nextPosition=Optional[JournalPosition[offset=73, receiver=JournalReceiver[name=QSQJRN0175, library=JRN_TEST4]]]]
14:57:12.895 [main] [INFO] com.fnz.db2.journal.retrieve.JournalConcurrentUpdatesIT - more journal data: false
14:57:12.895 [main] [DEBUG] com.fnz.db2.journal.retrieve.RetrieveJournal - offset with receiver QSQJRN0175
14:57:12.896 [main] [INFO] com.fnz.db2.journal.retrieve.JournalConcurrentUpdatesIT - R.UP
14:57:12.896 [main] [INFO] com.fnz.db2.journal.retrieve.JournalConcurrentUpdatesIT - receiver QSQJRN0175
